e:\visual studio 2017\target intelligent recognition\tirinterface\tirinterface\x64\release\tirinterface.pch
e:\visual studio 2017\target intelligent recognition\tirinterface\tirinterface\x64\release\vc141.pdb
e:\visual studio 2017\target intelligent recognition\tirinterface\tirinterface\x64\release\stdafx.obj
e:\visual studio 2017\target intelligent recognition\tirinterface\tirinterface\x64\release\tirstringpath.obj
e:\visual studio 2017\target intelligent recognition\tirinterface\tirinterface\x64\release\tirprocessor.obj
e:\visual studio 2017\target intelligent recognition\tirinterface\tirinterface\x64\release\tirparvector.obj
e:\visual studio 2017\target intelligent recognition\tirinterface\tirinterface\x64\release\tirparstring.obj
e:\visual studio 2017\target intelligent recognition\tirinterface\tirinterface\x64\release\tirparmatrix.obj
e:\visual studio 2017\target intelligent recognition\tirinterface\tirinterface\x64\release\tirinterface.obj
e:\visual studio 2017\target intelligent recognition\tirinterface\tirinterface\x64\release\tirbase.obj
e:\visual studio 2017\target intelligent recognition\tirinterface\tirinterface\x64\release\tiralgorithm.obj
e:\visual studio 2017\target intelligent recognition\tirinterface\tirinterface\x64\release\tinyxmlparser.obj
e:\visual studio 2017\target intelligent recognition\tirinterface\tirinterface\x64\release\tinyxmlerror.obj
e:\visual studio 2017\target intelligent recognition\tirinterface\tirinterface\x64\release\tinyxml.obj
e:\visual studio 2017\target intelligent recognition\tirinterface\tirinterface\x64\release\tinystr.obj
e:\visual studio 2017\target intelligent recognition\tirinterface\x64\release\tirinterface.ipdb
e:\visual studio 2017\target intelligent recognition\tirinterface\x64\release\tirinterface.iobj
e:\visual studio 2017\target intelligent recognition\tirinterface\x64\release\tirinterface.pdb
e:\visual studio 2017\target intelligent recognition\tirinterface\tirinterface\x64\release\tirinterface.tlog\cl.command.1.tlog
e:\visual studio 2017\target intelligent recognition\tirinterface\tirinterface\x64\release\tirinterface.tlog\cl.read.1.tlog
e:\visual studio 2017\target intelligent recognition\tirinterface\tirinterface\x64\release\tirinterface.tlog\cl.write.1.tlog
e:\visual studio 2017\target intelligent recognition\tirinterface\tirinterface\x64\release\tirinterface.tlog\link.command.1.tlog
e:\visual studio 2017\target intelligent recognition\tirinterface\tirinterface\x64\release\tirinterface.tlog\link.read.1.tlog
e:\visual studio 2017\target intelligent recognition\tirinterface\tirinterface\x64\release\tirinterface.tlog\link.read.2.tlog
e:\visual studio 2017\target intelligent recognition\tirinterface\tirinterface\x64\release\tirinterface.tlog\link.write.1.tlog
e:\visual studio 2017\target intelligent recognition\tirinterface\tirinterface\x64\release\tirinterface.tlog\tirinterface.write.1u.tlog
